{"D:\\internship assignments\\full_stack_auth_app\\backend\\controllers\\user.controller.js": {"path":"D:\\internship assignments\\full_stack_auth_app\\backend\\controllers\\user.controller.js","statementMap":{"0":{"start":{"line":5,"column":32},"end":{"line":29,"column":1}},"1":{"start":{"line":6,"column":4},"end":{"line":28,"column":5}},"2":{"start":{"line":7,"column":8},"end":{"line":9,"column":9}},"3":{"start":{"line":8,"column":12},"end":{"line":8,"column":79}},"4":{"start":{"line":10,"column":23},"end":{"line":10,"column":70}},"5":{"start":{"line":12,"column":21},"end":{"line":12,"column":29}},"6":{"start":{"line":13,"column":8},"end":{"line":13,"column":33}},"7":{"start":{"line":14,"column":8},"end":{"line":14,"column":26}},"8":{"start":{"line":16,"column":8},"end":{"line":21,"column":11}},"9":{"start":{"line":23,"column":8},"end":{"line":23,"column":27}},"10":{"start":{"line":24,"column":8},"end":{"line":27,"column":11}},"11":{"start":{"line":31,"column":42},"end":{"line":43,"column":1}},"12":{"start":{"line":32,"column":4},"end":{"line":42,"column":5}},"13":{"start":{"line":33,"column":21},"end":{"line":33,"column":29}},"14":{"start":{"line":34,"column":8},"end":{"line":36,"column":9}},"15":{"start":{"line":35,"column":12},"end":{"line":35,"column":45}},"16":{"start":{"line":38,"column":8},"end":{"line":38,"column":112}},"17":{"start":{"line":41,"column":8},"end":{"line":41,"column":78}},"18":{"start":{"line":45,"column":44},"end":{"line":65,"column":1}},"19":{"start":{"line":46,"column":4},"end":{"line":64,"column":5}},"20":{"start":{"line":47,"column":24},"end":{"line":47,"column":32}},"21":{"start":{"line":48,"column":21},"end":{"line":48,"column":29}},"22":{"start":{"line":49,"column":32},"end":{"line":49,"column":94}},"23":{"start":{"line":49,"column":67},"end":{"line":49,"column":93}},"24":{"start":{"line":50,"column":8},"end":{"line":50,"column":44}},"25":{"start":{"line":52,"column":8},"end":{"line":52,"column":26}},"26":{"start":{"line":54,"column":8},"end":{"line":57,"column":10}},"27":{"start":{"line":59,"column":8},"end":{"line":59,"column":27}},"28":{"start":{"line":60,"column":8},"end":{"line":63,"column":11}},"29":{"start":{"line":67,"column":43},"end":{"line":92,"column":1}},"30":{"start":{"line":68,"column":4},"end":{"line":91,"column":5}},"31":{"start":{"line":69,"column":24},"end":{"line":69,"column":32}},"32":{"start":{"line":70,"column":21},"end":{"line":70,"column":29}},"33":{"start":{"line":71,"column":31},"end":{"line":71,"column":91}},"34":{"start":{"line":71,"column":64},"end":{"line":71,"column":90}},"35":{"start":{"line":72,"column":8},"end":{"line":84,"column":9}},"36":{"start":{"line":73,"column":12},"end":{"line":77,"column":14}},"37":{"start":{"line":79,"column":12},"end":{"line":83,"column":14}},"38":{"start":{"line":86,"column":8},"end":{"line":86,"column":27}},"39":{"start":{"line":87,"column":8},"end":{"line":90,"column":11}},"40":{"start":{"line":94,"column":39},"end":{"line":122,"column":1}},"41":{"start":{"line":95,"column":4},"end":{"line":121,"column":5}},"42":{"start":{"line":96,"column":24},"end":{"line":96,"column":32}},"43":{"start":{"line":97,"column":21},"end":{"line":97,"column":29}},"44":{"start":{"line":99,"column":31},"end":{"line":99,"column":91}},"45":{"start":{"line":99,"column":64},"end":{"line":99,"column":90}},"46":{"start":{"line":100,"column":8},"end":{"line":105,"column":9}},"47":{"start":{"line":101,"column":12},"end":{"line":104,"column":14}},"48":{"start":{"line":107,"column":8},"end":{"line":107,"column":40}},"49":{"start":{"line":109,"column":8},"end":{"line":109,"column":26}},"50":{"start":{"line":111,"column":8},"end":{"line":114,"column":10}},"51":{"start":{"line":116,"column":8},"end":{"line":116,"column":27}},"52":{"start":{"line":117,"column":8},"end":{"line":120,"column":11}},"53":{"start":{"line":124,"column":36},"end":{"line":135,"column":1}},"54":{"start":{"line":125,"column":4},"end":{"line":134,"column":5}},"55":{"start":{"line":126,"column":21},"end":{"line":126,"column":29}},"56":{"start":{"line":127,"column":8},"end":{"line":129,"column":9}},"57":{"start":{"line":128,"column":12},"end":{"line":128,"column":45}},"58":{"start":{"line":131,"column":8},"end":{"line":131,"column":90}},"59":{"start":{"line":133,"column":8},"end":{"line":133,"column":78}},"60":{"start":{"line":137,"column":39},"end":{"line":156,"column":1}},"61":{"start":{"line":138,"column":4},"end":{"line":155,"column":5}},"62":{"start":{"line":139,"column":21},"end":{"line":139,"column":29}},"63":{"start":{"line":140,"column":8},"end":{"line":142,"column":9}},"64":{"start":{"line":141,"column":12},"end":{"line":141,"column":45}},"65":{"start":{"line":143,"column":42},"end":{"line":143,"column":50}},"66":{"start":{"line":144,"column":8},"end":{"line":146,"column":9}},"67":{"start":{"line":145,"column":12},"end":{"line":145,"column":60}},"68":{"start":{"line":147,"column":29},"end":{"line":147,"column":60}},"69":{"start":{"line":148,"column":8},"end":{"line":148,"column":25}},"70":{"start":{"line":149,"column":8},"end":{"line":149,"column":27}},"71":{"start":{"line":150,"column":8},"end":{"line":150,"column":37}},"72":{"start":{"line":151,"column":8},"end":{"line":151,"column":26}},"73":{"start":{"line":152,"column":8},"end":{"line":152,"column":98}},"74":{"start":{"line":154,"column":8},"end":{"line":154,"column":78}},"75":{"start":{"line":158,"column":39},"end":{"line":174,"column":1}},"76":{"start":{"line":159,"column":4},"end":{"line":173,"column":5}},"77":{"start":{"line":160,"column":19},"end":{"line":160,"column":27}},"78":{"start":{"line":161,"column":27},"end":{"line":161,"column":35}},"79":{"start":{"line":162,"column":8},"end":{"line":162,"column":54}},"80":{"start":{"line":163,"column":25},"end":{"line":163,"column":70}},"81":{"start":{"line":165,"column":8},"end":{"line":165,"column":83}},"82":{"start":{"line":165,"column":22},"end":{"line":165,"column":83}},"83":{"start":{"line":167,"column":8},"end":{"line":167,"column":50}},"84":{"start":{"line":169,"column":8},"end":{"line":169,"column":81}},"85":{"start":{"line":171,"column":8},"end":{"line":171,"column":34}},"86":{"start":{"line":172,"column":8},"end":{"line":172,"column":65}},"87":{"start":{"line":176,"column":34},"end":{"line":190,"column":1}},"88":{"start":{"line":177,"column":4},"end":{"line":189,"column":5}},"89":{"start":{"line":178,"column":44},"end":{"line":178,"column":52}},"90":{"start":{"line":179,"column":8},"end":{"line":181,"column":9}},"91":{"start":{"line":180,"column":12},"end":{"line":180,"column":100}},"92":{"start":{"line":182,"column":32},"end":{"line":182,"column":65}},"93":{"start":{"line":183,"column":8},"end":{"line":185,"column":9}},"94":{"start":{"line":184,"column":12},"end":{"line":184,"column":32}},"95":{"start":{"line":186,"column":8},"end":{"line":186,"column":88}},"96":{"start":{"line":188,"column":8},"end":{"line":188,"column":78}}},"fnMap":{"0":{"name":"(anonymous_0)","decl":{"start":{"line":5,"column":32},"end":{"line":5,"column":33}},"loc":{"start":{"line":5,"column":52},"end":{"line":29,"column":1}},"line":5},"1":{"name":"(anonymous_1)","decl":{"start":{"line":31,"column":42},"end":{"line":31,"column":43}},"loc":{"start":{"line":31,"column":62},"end":{"line":43,"column":1}},"line":31},"2":{"name":"(anonymous_2)","decl":{"start":{"line":45,"column":44},"end":{"line":45,"column":45}},"loc":{"start":{"line":45,"column":64},"end":{"line":65,"column":1}},"line":45},"3":{"name":"(anonymous_3)","decl":{"start":{"line":49,"column":57},"end":{"line":49,"column":58}},"loc":{"start":{"line":49,"column":67},"end":{"line":49,"column":93}},"line":49},"4":{"name":"(anonymous_4)","decl":{"start":{"line":67,"column":43},"end":{"line":67,"column":44}},"loc":{"start":{"line":67,"column":63},"end":{"line":92,"column":1}},"line":67},"5":{"name":"(anonymous_5)","decl":{"start":{"line":71,"column":54},"end":{"line":71,"column":55}},"loc":{"start":{"line":71,"column":64},"end":{"line":71,"column":90}},"line":71},"6":{"name":"(anonymous_6)","decl":{"start":{"line":94,"column":39},"end":{"line":94,"column":40}},"loc":{"start":{"line":94,"column":59},"end":{"line":122,"column":1}},"line":94},"7":{"name":"(anonymous_7)","decl":{"start":{"line":99,"column":54},"end":{"line":99,"column":55}},"loc":{"start":{"line":99,"column":64},"end":{"line":99,"column":90}},"line":99},"8":{"name":"(anonymous_8)","decl":{"start":{"line":124,"column":36},"end":{"line":124,"column":37}},"loc":{"start":{"line":124,"column":56},"end":{"line":135,"column":1}},"line":124},"9":{"name":"(anonymous_9)","decl":{"start":{"line":137,"column":39},"end":{"line":137,"column":40}},"loc":{"start":{"line":137,"column":59},"end":{"line":156,"column":1}},"line":137},"10":{"name":"(anonymous_10)","decl":{"start":{"line":158,"column":39},"end":{"line":158,"column":40}},"loc":{"start":{"line":158,"column":59},"end":{"line":174,"column":1}},"line":158},"11":{"name":"(anonymous_11)","decl":{"start":{"line":176,"column":34},"end":{"line":176,"column":35}},"loc":{"start":{"line":176,"column":54},"end":{"line":190,"column":1}},"line":176}},"branchMap":{"0":{"loc":{"start":{"line":7,"column":8},"end":{"line":9,"column":9}},"type":"if","locations":[{"start":{"line":7,"column":8},"end":{"line":9,"column":9}},{"start":{},"end":{}}],"line":7},"1":{"loc":{"start":{"line":34,"column":8},"end":{"line":36,"column":9}},"type":"if","locations":[{"start":{"line":34,"column":8},"end":{"line":36,"column":9}},{"start":{},"end":{}}],"line":34},"2":{"loc":{"start":{"line":72,"column":8},"end":{"line":84,"column":9}},"type":"if","locations":[{"start":{"line":72,"column":8},"end":{"line":84,"column":9}},{"start":{"line":78,"column":15},"end":{"line":84,"column":9}}],"line":72},"3":{"loc":{"start":{"line":100,"column":8},"end":{"line":105,"column":9}},"type":"if","locations":[{"start":{"line":100,"column":8},"end":{"line":105,"column":9}},{"start":{},"end":{}}],"line":100},"4":{"loc":{"start":{"line":127,"column":8},"end":{"line":129,"column":9}},"type":"if","locations":[{"start":{"line":127,"column":8},"end":{"line":129,"column":9}},{"start":{},"end":{}}],"line":127},"5":{"loc":{"start":{"line":140,"column":8},"end":{"line":142,"column":9}},"type":"if","locations":[{"start":{"line":140,"column":8},"end":{"line":142,"column":9}},{"start":{},"end":{}}],"line":140},"6":{"loc":{"start":{"line":144,"column":8},"end":{"line":146,"column":9}},"type":"if","locations":[{"start":{"line":144,"column":8},"end":{"line":146,"column":9}},{"start":{},"end":{}}],"line":144},"7":{"loc":{"start":{"line":144,"column":12},"end":{"line":144,"column":40}},"type":"binary-expr","locations":[{"start":{"line":144,"column":12},"end":{"line":144,"column":17}},{"start":{"line":144,"column":21},"end":{"line":144,"column":27}},{"start":{"line":144,"column":31},"end":{"line":144,"column":40}}],"line":144},"8":{"loc":{"start":{"line":165,"column":8},"end":{"line":165,"column":83}},"type":"if","locations":[{"start":{"line":165,"column":8},"end":{"line":165,"column":83}},{"start":{},"end":{}}],"line":165},"9":{"loc":{"start":{"line":179,"column":8},"end":{"line":181,"column":9}},"type":"if","locations":[{"start":{"line":179,"column":8},"end":{"line":181,"column":9}},{"start":{},"end":{}}],"line":179},"10":{"loc":{"start":{"line":179,"column":12},"end":{"line":179,"column":42}},"type":"binary-expr","locations":[{"start":{"line":179,"column":12},"end":{"line":179,"column":18}},{"start":{"line":179,"column":22},"end":{"line":179,"column":30}},{"start":{"line":179,"column":34},"end":{"line":179,"column":42}}],"line":179},"11":{"loc":{"start":{"line":183,"column":8},"end":{"line":185,"column":9}},"type":"if","locations":[{"start":{"line":183,"column":8},"end":{"line":185,"column":9}},{"start":{},"end":{}}],"line":183}},"s":{"0":2,"1":0,"2":0,"3":0,"4":0,"5":0,"6":0,"7":0,"8":0,"9":0,"10":0,"11":2,"12":0,"13":0,"14":0,"15":0,"16":0,"17":0,"18":2,"19":1,"20":1,"21":1,"22":1,"23":3,"24":1,"25":1,"26":1,"27":0,"28":0,"29":2,"30":0,"31":0,"32":0,"33":0,"34":0,"35":0,"36":0,"37":0,"38":0,"39":0,"40":2,"41":0,"42":0,"43":0,"44":0,"45":0,"46":0,"47":0,"48":0,"49":0,"50":0,"51":0,"52":0,"53":2,"54":0,"55":0,"56":0,"57":0,"58":0,"59":0,"60":2,"61":0,"62":0,"63":0,"64":0,"65":0,"66":0,"67":0,"68":0,"69":0,"70":0,"71":0,"72":0,"73":0,"74":0,"75":2,"76":0,"77":0,"78":0,"79":0,"80":0,"81":0,"82":0,"83":0,"84":0,"85":0,"86":0,"87":2,"88":0,"89":0,"90":0,"91":0,"92":0,"93":0,"94":0,"95":0,"96":0},"f":{"0":0,"1":0,"2":1,"3":3,"4":0,"5":0,"6":0,"7":0,"8":0,"9":0,"10":0,"11":0},"b":{"0":[0,0],"1":[0,0],"2":[0,0],"3":[0,0],"4":[0,0],"5":[0,0],"6":[0,0],"7":[0,0,0],"8":[0,0],"9":[0,0],"10":[0,0,0],"11":[0,0]},"_coverageSchema":"1a1c01bbd47fc00a2c39e90264f33305004495a9","hash":"9b357d0534256e1f4830d1cd73932803e14903c1"}
,"D:\\internship assignments\\full_stack_auth_app\\backend\\utils\\cloudinary.js": {"path":"D:\\internship assignments\\full_stack_auth_app\\backend\\utils\\cloudinary.js","statementMap":{"0":{"start":{"line":3,"column":0},"end":{"line":3,"column":16}},"1":{"start":{"line":5,"column":0},"end":{"line":9,"column":5}}},"fnMap":{},"branchMap":{},"s":{"0":2,"1":2},"f":{},"b":{},"_coverageSchema":"1a1c01bbd47fc00a2c39e90264f33305004495a9","hash":"87fd078f09d8547f92675addd35df51fd5b6455d"}
,"D:\\internship assignments\\full_stack_auth_app\\backend\\utils\\sendMail.js": {"path":"D:\\internship assignments\\full_stack_auth_app\\backend\\utils\\sendMail.js","statementMap":{"0":{"start":{"line":7,"column":24},"end":{"line":28,"column":1}},"1":{"start":{"line":8,"column":22},"end":{"line":14,"column":6}},"2":{"start":{"line":17,"column":24},"end":{"line":22,"column":5}},"3":{"start":{"line":23,"column":4},"end":{"line":25,"column":7}},"4":{"start":{"line":24,"column":8},"end":{"line":24,"column":60}},"5":{"start":{"line":24,"column":17},"end":{"line":24,"column":60}},"6":{"start":{"line":27,"column":4},"end":{"line":27,"column":59}}},"fnMap":{"0":{"name":"(anonymous_0)","decl":{"start":{"line":7,"column":24},"end":{"line":7,"column":25}},"loc":{"start":{"line":7,"column":55},"end":{"line":28,"column":1}},"line":7},"1":{"name":"(anonymous_1)","decl":{"start":{"line":23,"column":38},"end":{"line":23,"column":39}},"loc":{"start":{"line":23,"column":59},"end":{"line":25,"column":5}},"line":23}},"branchMap":{"0":{"loc":{"start":{"line":24,"column":8},"end":{"line":24,"column":60}},"type":"if","locations":[{"start":{"line":24,"column":8},"end":{"line":24,"column":60}},{"start":{},"end":{}}],"line":24}},"s":{"0":2,"1":0,"2":0,"3":0,"4":0,"5":0,"6":0},"f":{"0":0,"1":0},"b":{"0":[0,0]},"_coverageSchema":"1a1c01bbd47fc00a2c39e90264f33305004495a9","hash":"d8579d10e03911fc2a3fe5d154d8a8fc54e44f25"}
}
