TN:
SF:controllers\user.controller.js
FN:5,(anonymous_0)
FN:31,(anonymous_1)
FN:45,(anonymous_2)
FN:49,(anonymous_3)
FN:67,(anonymous_4)
FN:71,(anonymous_5)
FN:94,(anonymous_6)
FN:99,(anonymous_7)
FN:124,(anonymous_8)
FN:137,(anonymous_9)
FN:158,(anonymous_10)
FN:176,(anonymous_11)
FNF:12
FNH:2
FNDA:0,(anonymous_0)
FNDA:0,(anonymous_1)
FNDA:1,(anonymous_2)
FNDA:3,(anonymous_3)
FNDA:0,(anonymous_4)
FNDA:0,(anonymous_5)
FNDA:0,(anonymous_6)
FNDA:0,(anonymous_7)
FNDA:0,(anonymous_8)
FNDA:0,(anonymous_9)
FNDA:0,(anonymous_10)
FNDA:0,(anonymous_11)
DA:5,2
DA:6,0
DA:7,0
DA:8,0
DA:10,0
DA:12,0
DA:13,0
DA:14,0
DA:16,0
DA:23,0
DA:24,0
DA:31,2
DA:32,0
DA:33,0
DA:34,0
DA:35,0
DA:38,0
DA:41,0
DA:45,2
DA:46,1
DA:47,1
DA:48,1
DA:49,3
DA:50,1
DA:52,1
DA:54,1
DA:59,0
DA:60,0
DA:67,2
DA:68,0
DA:69,0
DA:70,0
DA:71,0
DA:72,0
DA:73,0
DA:79,0
DA:86,0
DA:87,0
DA:94,2
DA:95,0
DA:96,0
DA:97,0
DA:99,0
DA:100,0
DA:101,0
DA:107,0
DA:109,0
DA:111,0
DA:116,0
DA:117,0
DA:124,2
DA:125,0
DA:126,0
DA:127,0
DA:128,0
DA:131,0
DA:133,0
DA:137,2
DA:138,0
DA:139,0
DA:140,0
DA:141,0
DA:143,0
DA:144,0
DA:145,0
DA:147,0
DA:148,0
DA:149,0
DA:150,0
DA:151,0
DA:152,0
DA:154,0
DA:158,2
DA:159,0
DA:160,0
DA:161,0
DA:162,0
DA:163,0
DA:165,0
DA:167,0
DA:169,0
DA:171,0
DA:172,0
DA:176,2
DA:177,0
DA:178,0
DA:179,0
DA:180,0
DA:182,0
DA:183,0
DA:184,0
DA:186,0
DA:188,0
LF:93
LH:16
BRDA:7,0,0,0
BRDA:7,0,1,0
BRDA:34,1,0,0
BRDA:34,1,1,0
BRDA:72,2,0,0
BRDA:72,2,1,0
BRDA:100,3,0,0
BRDA:100,3,1,0
BRDA:127,4,0,0
BRDA:127,4,1,0
BRDA:140,5,0,0
BRDA:140,5,1,0
BRDA:144,6,0,0
BRDA:144,6,1,0
BRDA:144,7,0,0
BRDA:144,7,1,0
BRDA:144,7,2,0
BRDA:165,8,0,0
BRDA:165,8,1,0
BRDA:179,9,0,0
BRDA:179,9,1,0
BRDA:179,10,0,0
BRDA:179,10,1,0
BRDA:179,10,2,0
BRDA:183,11,0,0
BRDA:183,11,1,0
BRF:26
BRH:0
end_of_record
TN:
SF:utils\cloudinary.js
FNF:0
FNH:0
DA:3,2
DA:5,2
LF:2
LH:2
BRF:0
BRH:0
end_of_record
TN:
SF:utils\sendMail.js
FN:7,(anonymous_0)
FN:23,(anonymous_1)
FNF:2
FNH:0
FNDA:0,(anonymous_0)
FNDA:0,(anonymous_1)
DA:7,2
DA:8,0
DA:17,0
DA:23,0
DA:24,0
DA:27,0
LF:6
LH:1
BRDA:24,0,0,0
BRDA:24,0,1,0
BRF:2
BRH:0
end_of_record
